
**** Rebuild of configuration Release for project Read_Sat_rec ****

**** Internal Builder is used for build               ****
m68k-elf-g++ -O2 -falign-functions=4 -I/nburn/include -I/nburn/MOD5441X/include -I/nburn/gcc-m68k/m68k-elf/include -IC:\Users\Tanmay\Desktop\Work\Electronics\Netburner\Code_Workspace\Read_Sat_rec -gdwarf-2 -Wall -Wno-write-strings -c -fmessage-length=0 -fno-rtti -fno-exceptions -mcpu=5206e -DMOD5441X -DMCF5441X -o Card_Routines.o ..\Card_Routines.cpp
m68k-elf-g++ -O2 -falign-functions=4 -I/nburn/include -I/nburn/MOD5441X/include -I/nburn/gcc-m68k/m68k-elf/include -IC:\Users\Tanmay\Desktop\Work\Electronics\Netburner\Code_Workspace\Read_Sat_rec -gdwarf-2 -Wall -Wno-write-strings -c -fmessage-length=0 -fno-rtti -fno-exceptions -mcpu=5206e -DMOD5441X -DMCF5441X -o FileSystemUtils.o ..\FileSystemUtils.cpp
m68k-elf-g++ -O2 -falign-functions=4 -I/nburn/include -I/nburn/MOD5441X/include -I/nburn/gcc-m68k/m68k-elf/include -IC:\Users\Tanmay\Desktop\Work\Electronics\Netburner\Code_Workspace\Read_Sat_rec -gdwarf-2 -Wall -Wno-write-strings -c -fmessage-length=0 -fno-rtti -fno-exceptions -mcpu=5206e -DMOD5441X -DMCF5441X -o Read_Receiver_Serial.o ..\Read_Receiver_Serial.cpp
m68k-elf-g++ -O2 -falign-functions=4 -I/nburn/include -I/nburn/MOD5441X/include -I/nburn/gcc-m68k/m68k-elf/include -IC:\Users\Tanmay\Desktop\Work\Electronics\Netburner\Code_Workspace\Read_Sat_rec -gdwarf-2 -Wall -Wno-write-strings -c -fmessage-length=0 -fno-rtti -fno-exceptions -mcpu=5206e -DMOD5441X -DMCF5441X -o PINS_Definations.o ..\PINS_Definations.cpp
m68k-elf-g++ Read_Receiver_Serial.o PINS_Definations.o FileSystemUtils.o Card_Routines.o -Wl,-Map=Read_Sat_rec.map -mcpu=5206e -Wl -Wl,-n -T/nburn/MOD5441X/lib/MOD5441X.ld -Wl,-R/nburn/MOD5441X/lib/sys.ld -Wl,--start-group,/nburn/lib/MOD5441X.a /nburn/lib/NetBurner.a /nburn/lib/FatFile.a C:\nburn\lib\debugLibrary.a C:\nburn\lib\Lua_Full.a C:\nburn\lib\nb-libxively.a C:\nburn\lib\nbwifilib.a C:\nburn\lib\webclient.a -Wl,--end-group -oRead_Sat_rec.elf
m68k-elf-objcopy Read_Sat_rec.elf --strip-all --output-target=srec Read_Sat_rec.s19
compcode Read_Sat_rec.s19 Read_Sat_rec_APP.s19 -R 0xC0040000 0xC2000000 -PMOD5441X
Block starts at 40000400 
Block ends at 40035794 
Block size= 212K
Execution starts at 40000400 
compressed 218004 bytes into 129375 bytes
Code CheckSum= be682603
Struct CheckSum= 3e7d758
S records output with a base address of c0040000
S records output with a final address of c005f977
About to write S7...
******************************Build summary ******************************
Used 129399 bytes of 33292288 available flash (0.39%)
Used 817888 bytes of 67108095 available ram (1.22%)
NNDK release tag version:2.6.7
Build complete for project Read_Sat_rec
Time consumed: 2024  ms.  
